This is pdfTeX, Version 3.141592653-2.6-1.40.24 (TeX Live 2022) (preloaded format=pdflatex 2023.3.10)  12 MAR 2023 16:53
entering extended mode
 restricted \write18 enabled.
 file:line:error style messages enabled.
 %&-line parsing enabled.
**/Users/bohdantanasov/Studying/TUKE/Graduate/myGraduate/doc/__latexindent_temp.tex
(/Users/bohdantanasov/Studying/TUKE/Graduate/myGraduate/doc/__latexindent_temp.tex
LaTeX2e <2021-11-15> patch level 1
L3 programming layer <2022-02-24>

! LaTeX Error: File `feidippp.cls' not found.

Type X to quit or <RETURN> to proceed,
or enter new name. (Default extension: cls)

Enter file name: 
/Users/bohdantanasov/Studying/TUKE/Graduate/myGraduate/doc/__latexindent_temp.tex:3: Emergency stop.
<read *> 
         
l.3 \usepackage
               [pdftex]{graphicx}^^M
*** (cannot \read from terminal in nonstop modes)

 
Here is how much of TeX's memory you used:
 24 strings out of 478268
 694 string characters out of 5846347
 289381 words of memory out of 5000000
 18330 multiletter control sequences out of 15000+600000
 469259 words of font info for 28 fonts, out of 8000000 for 9000
 1141 hyphenation exceptions out of 8191
 19i,0n,29p,145b,17s stack positions out of 10000i,1000n,20000p,200000b,200000s
/Users/bohdantanasov/Studying/TUKE/Graduate/myGraduate/doc/__latexindent_temp.tex:3:  ==> Fatal error occurred, no output PDF file produced!
