\BOOKMARK [1][]{section*.6}{\376\377\000\040\000\332\000v\000o\000d}{}% 1
\BOOKMARK [1][]{section.1}{\376\377\0001\000\040\000F\000o\000r\000m\000u\000l\000\341\000c\000i\000a\000\040\000\372\000l\000o\000h\000y}{}% 2
\BOOKMARK [1][]{section.2}{\376\377\0002\000\040\000P\000r\000e\000h\001\076\000a\000d\000\040\000l\000i\000t\000e\000r\000a\000t\000\372\000r\000y}{}% 3
\BOOKMARK [2][]{subsection.2.1}{\376\377\0002\000.\0001\000\040\000O\000p\000t\000i\000c\000k\000\375\000\040\000p\000r\000i\000n\000c\000\355\000p\000\040\000s\000e\000n\000z\000o\000r\000o\000v}{section.2}% 4
\BOOKMARK [2][]{subsection.2.2}{\376\377\0002\000.\0002\000\040\000V\000y\000h\000\375\000b\000a\000n\000i\000e\000\040\000s\000a\000\040\000p\000r\000e\000k\000\341\001\176\000k\000a\000m\000\040\000a\000\040\000o\000r\000i\000e\000n\000t\000\341\000c\000i\000a\000\040\000n\000a\000\040\000z\000\341\000k\000l\000a\000d\000e\000\040\000o\000b\000r\000a\000z\000u\000\040\000z\000\040\000k\000a\000m\000e\000r\000y}{section.2}% 5
\BOOKMARK [3][]{subsubsection.2.2.1}{\376\377\0002\000.\0002\000.\0001\000\040\000S\000\040\000v\000y\000l\000e\000p\001\141\000e\000n\000o\000u\000\040\000n\000e\000u\000r\000\363\000n\000o\000v\000o\000u\000\040\000s\000i\000e\001\145\000o\000u}{subsection.2.2}% 6
\BOOKMARK [3][]{subsubsection.2.2.2}{\376\377\0002\000.\0002\000.\0002\000\040\000P\000r\000i\000n\000c\000\355\000p\000\040\000s\000t\000e\000r\000e\000o\000s\000n\000\355\000m\000a\000n\000i\000a}{subsection.2.2}% 7
\BOOKMARK [3][]{subsubsection.2.2.3}{\376\377\0002\000.\0002\000.\0003\000\040\000N\000a\000\040\000z\000\341\000k\000l\000a\000d\000e\000\040\000p\000o\000h\000y\000b\000l\000i\000v\000\351\000h\000o\000\040\000o\000b\000r\000a\000z\000u\000\040\000k\000a\000m\000e\000r\000y}{subsection.2.2}% 8
\BOOKMARK [3][]{subsubsection.2.2.4}{\376\377\0002\000.\0002\000.\0004\000\040\000U\000r\001\015\000o\000v\000a\000n\000i\000e\000\040\000p\000o\000l\000o\000h\000y\000\040\000p\000o\000m\000o\000c\000o\000u\000\040\000z\000n\000a\001\015\000i\000e\000k}{subsection.2.2}% 9
\BOOKMARK [2][]{subsection.2.3}{\376\377\0002\000.\0003\000\040\000W\000e\000b\000S\000o\000c\000k\000e\000t}{section.2}% 10
\BOOKMARK [1][]{section.3}{\376\377\0003\000\040\000D\000e\000s\000i\000g\000n}{}% 11
\BOOKMARK [2][]{subsection.3.1}{\376\377\0003\000.\0001\000\040\000V\000\375\000b\000e\000r\000\040\000d\000r\000o\000n\000u}{section.3}% 12
\BOOKMARK [2][]{subsection.3.2}{\376\377\0003\000.\0002\000\040\000P\000r\000o\000g\000r\000a\000m\000o\000v\000a\000c\000\355\000\040\000j\000a\000z\000y\000k\000\040\000a\000\040\000s\000\372\000b\000o\000r\000\040\000n\000\341\000s\000t\000r\000o\000j\000o\000v}{section.3}% 13
\BOOKMARK [2][]{subsection.3.3}{\376\377\0003\000.\0003\000\040\000A\000k\000o\000\040\000o\000v\000l\000\341\000d\000a\001\145\000\040\000d\000r\000o\000n\000\040\000t\000e\000l\000l\000o}{section.3}% 14
\BOOKMARK [2][]{subsection.3.4}{\376\377\0003\000.\0004\000\040\000U\000m\000i\000e\000s\000t\000n\000e\000n\000i\000e\000\040\000d\000r\000o\000n\000u}{section.3}% 15
\BOOKMARK [3][]{subsubsection.3.4.1}{\376\377\0003\000.\0004\000.\0001\000\040\000P\000o\000u\001\176\000\355\000v\000a\000n\000i\000e\000\040\000z\000n\000a\001\015\000k\000o\000v\000a\001\015\000o\000v\000\040\000a\000r\000u\000c\000o}{subsection.3.4}% 16
\BOOKMARK [3][]{subsubsection.3.4.2}{\376\377\0003\000.\0004\000.\0002\000\040\000P\000r\000a\000v\000i\000d\000l\000\341\000\040\000u\000m\000i\000e\000s\000t\001\110\000o\000v\000a\000n\000i\000a\000\040\000z\000n\000a\001\015\000i\000e\000k}{subsection.3.4}% 17
\BOOKMARK [2][]{subsection.3.5}{\376\377\0003\000.\0005\000\040\000P\000r\000v\000\351\000\040\000t\000e\000s\000t\000y\000\040\000p\000o\000l\000o\000h\000o\000v\000a\000n\000i\000a\000\040\000p\000o\000m\000o\000c\000o\000u\000\040\000z\000n\000a\001\015\000i\000e\000k}{section.3}% 18
\BOOKMARK [3][]{subsubsection.3.5.1}{\376\377\0003\000.\0005\000.\0001\000\040\000V\000y\000h\000o\000d\000n\000o\000t\000e\000n\000i\000e\000\040\000t\000e\000s\000t\000u\000\040\000a\000\040\000o\001\015\000a\000k\000\341\000v\000a\000n\000i\000a\000\040\000o\000d\000\040\000s\000y\000s\000t\000\351\000m\000u}{subsection.3.5}% 19
\BOOKMARK [2][]{subsection.3.6}{\376\377\0003\000.\0006\000\040\000P\000r\000i\000n\000c\000\355\000p\000,\000\040\000s\000p\000r\000e\000s\000n\000e\000n\000i\000e\000\040\000a\000\040\000r\000o\000b\000u\000s\000t\000n\000o\000s\001\145\000\040\000p\000o\000l\000o\000h\000o\000v\000a\000n\000i\000a}{section.3}% 20
\BOOKMARK [3][]{subsubsection.3.6.1}{\376\377\0003\000.\0006\000.\0001\000\040\000P\000e\000r\000s\000p\000e\000k\000t\000\355\000v\000n\000a\000\040\000p\000r\000o\000j\000e\000k\000c\000i\000a\000,\000\040\000t\000r\000a\000n\000s\000f\000o\000r\000m\000\341\000c\000i\000a\000\040\000p\000n\000p}{subsection.3.6}% 21
\BOOKMARK [3][]{subsubsection.3.6.2}{\376\377\0003\000.\0006\000.\0002\000\040\000K\000o\000n\000v\000e\000n\000c\000i\000e\000\040\000m\000e\000r\000a\000n\000i\000a}{subsection.3.6}% 22
\BOOKMARK [3][]{subsubsection.3.6.3}{\376\377\0003\000.\0006\000.\0003\000\040\000K\000o\000n\000v\000e\000n\000c\000i\000e\000\040\000p\000o\000u\001\176\000\355\000v\000a\000n\000\351\000\040\000v\000\040\000o\000p\000e\000n\000c\000v}{subsection.3.6}% 23
\BOOKMARK [3][]{subsubsection.3.6.4}{\376\377\0003\000.\0006\000.\0004\000\040\000P\000r\000e\000v\000o\000d\000\040\000p\000o\000l\000o\000h\000y\000\040\000k\000a\000m\000e\000r\000y\000\040\000d\000o\000\040\000g\000l\000o\000b\000\341\000l\000n\000e\000h\000o\000\040\000s\000\372\000r\000a\000d\000n\000i\000c\000o\000v\000\351\000h\000o\000\040\000s\000y\000s\000t\000\351\000m\000u}{subsection.3.6}% 24
\BOOKMARK [2][]{subsection.3.7}{\376\377\0003\000.\0007\000\040\000W\000e\000b\000o\000v\000\351\000\040\000s\000o\000k\000e\000t\000y\000\040\000s\000\040\000k\000o\000m\000u\000n\000i\000k\000\341\000c\000i\000o\000u\000\040\000s\000\040\000d\000r\000o\000n\000o\000m}{section.3}% 25
\BOOKMARK [3][]{subsubsection.3.7.1}{\376\377\0003\000.\0007\000.\0001\000\040\000A\000r\000c\000h\000i\000t\000e\000k\000t\000\372\000r\000a}{subsection.3.7}% 26
\BOOKMARK [3][]{subsubsection.3.7.2}{\376\377\0003\000.\0007\000.\0002\000\040\000K\000o\000m\000u\000n\000i\000k\000a\001\015\000n\000\375\000\040\000p\000r\000o\000t\000o\000k\000o\000l}{subsection.3.7}% 27
\BOOKMARK [3][]{subsubsection.3.7.3}{\376\377\0003\000.\0007\000.\0003\000\040\000I\000m\000p\000l\000e\000m\000e\000n\000t\000\341\000c\000i\000a}{subsection.3.7}% 28
\BOOKMARK [1][]{section.4}{\376\377\0004\000\040\000I\000m\000p\000l\000e\000m\000e\000n\000t\000\341\000c\000i\000a\000\040\000p\000r\000o\000j\000e\000k\000t\000u}{}% 29
\BOOKMARK [2][]{subsection.4.1}{\376\377\0004\000.\0001\000\040\000P\000r\000e\000h\001\076\000a\000d\000\040\001\141\000t\000r\000u\000k\000t\000\372\000r\000y\000\040\000p\000r\000o\000g\000r\000a\000m\000o\000v}{section.4}% 30
\BOOKMARK [2][]{subsection.4.2}{\376\377\0004\000.\0002\000\040\000P\000r\000o\000g\000r\000a\000m\000y\000,\000\040\000k\000t\000o\000r\000\351\000\040\000o\000v\000l\000\341\000d\000a\000j\000\372\000\040\000d\000r\000o\000n}{section.4}% 31
\BOOKMARK [2][]{subsection.4.3}{\376\377\0004\000.\0003\000\040\000P\000r\000o\000g\000r\000a\000m\000y\000,\000\040\000k\000t\000o\000r\000\351\000\040\000s\000p\000r\000a\000c\000\372\000v\000a\000j\000\372\000\040\000o\000b\000r\000\341\000z\000k\000y}{section.4}% 32
\BOOKMARK [2][]{subsection.4.4}{\376\377\0004\000.\0004\000\040\000P\000r\000o\000g\000r\000a\000m\000y\000\040\000n\000a\000\040\000s\000p\000r\000a\000c\000o\000v\000a\000n\000i\000e\000\040\000\372\000d\000a\000j\000o\000v}{section.4}% 33
\BOOKMARK [3][]{subsubsection.4.4.1}{\376\377\0004\000.\0004\000.\0001\000\040\000U\000k\000l\000a\000d\000a\000n\000i\000e\000\040\000\372\000d\000a\000j\000o\000v\000\040\000o\000\040\000z\000n\000a\001\015\000k\000\341\000c\000h}{subsection.4.4}% 34
\BOOKMARK [2][]{subsection.4.5}{\376\377\0004\000.\0005\000\040\000W\000e\000b\000o\000v\000\341\000\040\000a\000p\000l\000i\000k\000\341\000c\000i\000a}{section.4}% 35
\BOOKMARK [3][]{subsubsection.4.5.1}{\376\377\0004\000.\0005\000.\0001\000\040\000F\000r\000o\000n\000t\000e\000n\000d}{subsection.4.5}% 36
\BOOKMARK [3][]{subsubsection.4.5.2}{\376\377\0004\000.\0005\000.\0002\000\040\000B\000a\000c\000k\000e\000n\000d}{subsection.4.5}% 37
\BOOKMARK [1][]{section.5}{\376\377\0005\000\040\000S\000i\000m\000u\000l\000a\001\015\000n\000\351\000\040\000e\000x\000p\000e\000r\000i\000m\000e\000n\000t\000y}{}% 38
\BOOKMARK [2][]{subsection.5.1}{\376\377\0005\000.\0001\000\040\000D\000e\000t\000e\000k\000c\000i\000a\000\040\000z\000n\000a\001\015\000i\000e\000k}{section.5}% 39
\BOOKMARK [2][]{subsection.5.2}{\376\377\0005\000.\0002\000\040\000V\000\375\000p\000o\001\015\000e\000t\000\040\000p\000o\000l\000o\000h\000y}{section.5}% 40
\BOOKMARK [2][]{subsection.5.3}{\376\377\0005\000.\0003\000\040\000R\000e\001\176\000i\000m\000\040\000v\000i\000a\000c\000e\000r\000\375\000c\000h\000\040\000d\000r\000o\000n\000o\000v}{section.5}% 41
\BOOKMARK [2][]{subsection.5.4}{\376\377\0005\000.\0004\000\040\000K\000o\000n\000t\000r\000o\000l\000a\000\040\000s\000k\000u\000p\000i\000n\000y\000\040\000d\000r\000o\000n\000o\000v}{section.5}% 42
\BOOKMARK [1][]{section.6}{\376\377\0006\000\040\000Z\000h\000r\000n\000u\000t\000i\000e}{}% 43
\BOOKMARK [2][]{subsection.6.1}{\376\377\0006\000.\0001\000\040\000N\000\341\000v\000r\000h\000y\000\040\000n\000a\000\040\001\017\000a\000l\001\141\000\355\000\040\000v\000\375\000v\000o\000j}{section.6}% 44
\BOOKMARK [1][]{section.7}{\376\377\0007\000\040\000Z\000\341\000v\000e\000r}{}% 45
\BOOKMARK [1][]{section*.7}{\376\377\000\040\000Z\000o\000z\000n\000a\000m\000\040\000p\000o\000u\001\176\000i\000t\000e\000j\000\040\000l\000i\000t\000e\000r\000a\000t\000\372\000r\000y}{}% 46
